# JRE version: Java(TM) SE Runtime Environment (8.0_74-b02) (build 1.8.0_74-b02)
# Java VM: Java HotSpot(TM) 64-Bit Server VM (25.74-b02 mixed mode bsd-amd64 compressed oops)
Heap:
 PSYoungGen      total 596992K, used 10961K [0x000000076ab00000, 0x00000007a0d00000, 0x00000007c0000000)
  eden space 550400K, 1% used [0x000000076ab00000,0x000000076b5b45e0,0x000000078c480000)
  from space 46592K, 0% used [0x000000078c480000,0x000000078c480000,0x000000078f200000)
  to   space 48640K, 0% used [0x000000079dd80000,0x000000079dd80000,0x00000007a0d00000)
 ParOldGen       total 268288K, used 100859K [0x00000006c0000000, 0x00000006d0600000, 0x000000076ab00000)
  object space 268288K, 37% used [0x00000006c0000000,0x00000006c627ed28,0x00000006d0600000)
 Metaspace       used 34984K, capacity 35442K, committed 35712K, reserved 1079296K
  class space    used 4742K, capacity 4906K, committed 4992K, reserved 1048576K
GC Heap History (10 events):
Event: 8.202 GC heap before
{Heap before GC invocations=9 (full 1):
 PSYoungGen      total 306176K, used 283508K [0x000000076ab00000, 0x0000000789000000, 0x00000007c0000000)
  eden space 262144K, 100% used [0x000000076ab00000,0x000000077ab00000,0x000000077ab00000)
  from space 44032K, 48% used [0x000000077ab00000,0x000000077bfdd220,0x000000077d600000)
  to   space 41984K, 0% used [0x0000000786700000,0x0000000786700000,0x0000000789000000)
 ParOldGen       total 177152K, used 50108K [0x00000006c0000000, 0x00000006cad00000, 0x000000076ab00000)
  object space 177152K, 28% used [0x00000006c0000000,0x00000006c30ef1a8,0x00000006cad00000)
 Metaspace       used 26782K, capacity 27088K, committed 27264K, reserved 1073152K
  class space    used 3290K, capacity 3401K, committed 3456K, reserved 1048576K
Event: 8.219 GC heap after
Heap after GC invocations=9 (full 1):
 PSYoungGen      total 445440K, used 25714K [0x000000076ab00000, 0x0000000788a00000, 0x00000007c0000000)
  eden space 409600K, 0% used [0x000000076ab00000,0x000000076ab00000,0x0000000783b00000)
  from space 35840K, 71% used [0x0000000786700000,0x000000078801c900,0x0000000788a00000)
  to   space 40448K, 0% used [0x0000000783b00000,0x0000000783b00000,0x0000000786280000)
 ParOldGen       total 177152K, used 50116K [0x00000006c0000000, 0x00000006cad00000, 0x000000076ab00000)
  object space 177152K, 28% used [0x00000006c0000000,0x00000006c30f11a8,0x00000006cad00000)
 Metaspace       used 26782K, capacity 27088K, committed 27264K, reserved 1073152K
  class space    used 3290K, capacity 3401K, committed 3456K, reserved 1048576K
}
Event: 9.661 GC heap before
{Heap before GC invocations=10 (full 1):
 PSYoungGen      total 445440K, used 435314K [0x000000076ab00000, 0x0000000788a00000, 0x00000007c0000000)
  eden space 409600K, 100% used [0x000000076ab00000,0x0000000783b00000,0x0000000783b00000)
  from space 35840K, 71% used [0x0000000786700000,0x000000078801c900,0x0000000788a00000)
  to   space 40448K, 0% used [0x0000000783b00000,0x0000000783b00000,0x0000000786280000)
 ParOldGen       total 177152K, used 50116K [0x00000006c0000000, 0x00000006cad00000, 0x000000076ab00000)
  object space 177152K, 28% used [0x00000006c0000000,0x00000006c30f11a8,0x00000006cad00000)
 Metaspace       used 29742K, capacity 30068K, committed 30464K, reserved 1075200K
  class space    used 3911K, capacity 4009K, committed 4096K, reserved 1048576K
Event: 9.703 GC heap after
Heap after GC invocations=10 (full 1):
 PSYoungGen      total 450048K, used 39791K [0x000000076ab00000, 0x0000000791e80000, 0x00000007c0000000)
  eden space 409600K, 0% used [0x000000076ab00000,0x000000076ab00000,0x0000000783b00000)
  from space 40448K, 98% used [0x0000000783b00000,0x00000007861dbef8,0x0000000786280000)
  to   space 45568K, 0% used [0x000000078f200000,0x000000078f200000,0x0000000791e80000)
 ParOldGen       total 177152K, used 50124K [0x00000006c0000000, 0x00000006cad00000, 0x000000076ab00000)
  object space 177152K, 28% used [0x00000006c0000000,0x00000006c30f31a8,0x00000006cad00000)
 Metaspace       used 29742K, capacity 30068K, committed 30464K, reserved 1075200K
  class space    used 3911K, capacity 4009K, committed 4096K, reserved 1048576K
}
Event: 11.670 GC heap before
{Heap before GC invocations=11 (full 1):
 PSYoungGen      total 450048K, used 449391K [0x000000076ab00000, 0x0000000791e80000, 0x00000007c0000000)
  eden space 409600K, 100% used [0x000000076ab00000,0x0000000783b00000,0x0000000783b00000)
  from space 40448K, 98% used [0x0000000783b00000,0x00000007861dbef8,0x0000000786280000)
  to   space 45568K, 0% used [0x000000078f200000,0x000000078f200000,0x0000000791e80000)
 ParOldGen       total 177152K, used 50124K [0x00000006c0000000, 0x00000006cad00000, 0x000000076ab00000)
  object space 177152K, 28% used [0x00000006c0000000,0x00000006c30f31a8,0x00000006cad00000)
 Metaspace       used 33599K, capacity 33984K, committed 34304K, reserved 1079296K
  class space    used 4583K, capacity 4737K, committed 4864K, reserved 1048576K
Event: 11.722 GC heap after
Heap after GC invocations=11 (full 1):
 PSYoungGen      total 595968K, used 33630K [0x000000076ab00000, 0x0000000792180000, 0x00000007c0000000)
  eden space 550400K, 0% used [0x000000076ab00000,0x000000076ab00000,0x000000078c480000)
  from space 45568K, 73% used [0x000000078f200000,0x00000007912d7880,0x0000000791e80000)
  to   space 46592K, 0% used [0x000000078c480000,0x000000078c480000,0x000000078f200000)
 ParOldGen       total 177152K, used 72329K [0x00000006c0000000, 0x00000006cad00000, 0x000000076ab00000)
  object space 177152K, 40% used [0x00000006c0000000,0x00000006c46a2750,0x00000006cad00000)
 Metaspace       used 33599K, capacity 33984K, committed 34304K, reserved 1079296K
  class space    used 4583K, capacity 4737K, committed 4864K, reserved 1048576K
}
Event: 12.000 GC heap before
{Heap before GC invocations=12 (full 1):
 PSYoungGen      total 595968K, used 126826K [0x000000076ab00000, 0x0000000792180000, 0x00000007c0000000)
  eden space 550400K, 16% used [0x000000076ab00000,0x0000000770603050,0x000000078c480000)
  from space 45568K, 73% used [0x000000078f200000,0x00000007912d7880,0x0000000791e80000)
  to   space 46592K, 0% used [0x000000078c480000,0x000000078c480000,0x000000078f200000)
 ParOldGen       total 177152K, used 72329K [0x00000006c0000000, 0x00000006cad00000, 0x000000076ab00000)
  object space 177152K, 40% used [0x00000006c0000000,0x00000006c46a2750,0x00000006cad00000)
 Metaspace       used 34853K, capacity 35218K, committed 35456K, reserved 1079296K
  class space    used 4729K, capacity 4874K, committed 4992K, reserved 1048576K
Event: 12.035 GC heap after
Heap after GC invocations=12 (full 1):
 PSYoungGen      total 596992K, used 1702K [0x000000076ab00000, 0x00000007a0d00000, 0x00000007c0000000)
  eden space 550400K, 0% used [0x000000076ab00000,0x000000076ab00000,0x000000078c480000)
  from space 46592K, 3% used [0x000000078c480000,0x000000078c629ab8,0x000000078f200000)
  to   space 48640K, 0% used [0x000000079dd80000,0x000000079dd80000,0x00000007a0d00000)
 ParOldGen       total 177152K, used 102539K [0x00000006c0000000, 0x00000006cad00000, 0x000000076ab00000)
  object space 177152K, 57% used [0x00000006c0000000,0x00000006c6422e90,0x00000006cad00000)
 Metaspace       used 34853K, capacity 35218K, committed 35456K, reserved 1079296K
  class space    used 4729K, capacity 4874K, committed 4992K, reserved 1048576K
}
Event: 12.035 GC heap before
{Heap before GC invocations=13 (full 2):
 PSYoungGen      total 596992K, used 1702K [0x000000076ab00000, 0x00000007a0d00000, 0x00000007c0000000)
  eden space 550400K, 0% used [0x000000076ab00000,0x000000076ab00000,0x000000078c480000)
  from space 46592K, 3% used [0x000000078c480000,0x000000078c629ab8,0x000000078f200000)
  to   space 48640K, 0% used [0x000000079dd80000,0x000000079dd80000,0x00000007a0d00000)
 ParOldGen       total 177152K, used 102539K [0x00000006c0000000, 0x00000006cad00000, 0x000000076ab00000)
  object space 177152K, 57% used [0x00000006c0000000,0x00000006c6422e90,0x00000006cad00000)
 Metaspace       used 34853K, capacity 35218K, committed 35456K, reserved 1079296K
  class space    used 4729K, capacity 4874K, committed 4992K, reserved 1048576K
Event: 12.288 GC heap after
Heap after GC invocations=13 (full 2):
 PSYoungGen      total 596992K, used 0K [0x000000076ab00000, 0x00000007a0d00000, 0x00000007c0000000)
  eden space 550400K, 0% used [0x000000076ab00000,0x000000076ab00000,0x000000078c480000)
  from space 46592K, 0% used [0x000000078c480000,0x000000078c480000,0x000000078f200000)
  to   space 48640K, 0% used [0x000000079dd80000,0x000000079dd80000,0x00000007a0d00000)
 ParOldGen       total 268288K, used 100859K [0x00000006c0000000, 0x00000006d0600000, 0x000000076ab00000)
  object space 268288K, 37% used [0x00000006c0000000,0x00000006c627ed28,0x00000006d0600000)
 Metaspace       used 34853K, capacity 35218K, committed 35456K, reserved 1079296K
  class space    used 4729K, capacity 4874K, committed 4992K, reserved 1048576K
}

