# JRE version: Java(TM) SE Runtime Environment (8.0_74-b02) (build 1.8.0_74-b02)
# Java VM: Java HotSpot(TM) 64-Bit Server VM (25.74-b02 mixed mode bsd-amd64 compressed oops)
Heap:
 PSYoungGen      total 608256K, used 11169K [0x000000076ab00000, 0x00000007a2d00000, 0x00000007c0000000)
  eden space 562176K, 1% used [0x000000076ab00000,0x000000076b5e84a0,0x000000078d000000)
  from space 46080K, 0% used [0x000000078d000000,0x000000078d000000,0x000000078fd00000)
  to   space 48640K, 0% used [0x000000079fd80000,0x000000079fd80000,0x00000007a2d00000)
 ParOldGen       total 262144K, used 100701K [0x00000006c0000000, 0x00000006d0000000, 0x000000076ab00000)
  object space 262144K, 38% used [0x00000006c0000000,0x00000006c6257448,0x00000006d0000000)
 Metaspace       used 34975K, capacity 35442K, committed 35712K, reserved 1079296K
  class space    used 4741K, capacity 4906K, committed 4992K, reserved 1048576K
GC Heap History (10 events):
Event: 7.421 GC heap before
{Heap before GC invocations=9 (full 1):
 PSYoungGen      total 306176K, used 284240K [0x000000076ab00000, 0x0000000789a00000, 0x00000007c0000000)
  eden space 262144K, 100% used [0x000000076ab00000,0x000000077ab00000,0x000000077ab00000)
  from space 44032K, 50% used [0x000000077ab00000,0x000000077c094318,0x000000077d600000)
  to   space 41472K, 0% used [0x0000000787180000,0x0000000787180000,0x0000000789a00000)
 ParOldGen       total 182784K, used 58899K [0x00000006c0000000, 0x00000006cb280000, 0x000000076ab00000)
  object space 182784K, 32% used [0x00000006c0000000,0x00000006c3984c80,0x00000006cb280000)
 Metaspace       used 26742K, capacity 27088K, committed 27520K, reserved 1073152K
  class space    used 3288K, capacity 3401K, committed 3456K, reserved 1048576K
Event: 7.435 GC heap after
Heap after GC invocations=9 (full 1):
 PSYoungGen      total 445952K, used 25728K [0x000000076ab00000, 0x0000000788f80000, 0x00000007c0000000)
  eden space 415232K, 0% used [0x000000076ab00000,0x000000076ab00000,0x0000000784080000)
  from space 30720K, 83% used [0x0000000787180000,0x0000000788aa01f0,0x0000000788f80000)
  to   space 40448K, 0% used [0x0000000784080000,0x0000000784080000,0x0000000786800000)
 ParOldGen       total 182784K, used 58907K [0x00000006c0000000, 0x00000006cb280000, 0x000000076ab00000)
  object space 182784K, 32% used [0x00000006c0000000,0x00000006c3986c80,0x00000006cb280000)
 Metaspace       used 26742K, capacity 27088K, committed 27520K, reserved 1073152K
  class space    used 3288K, capacity 3401K, committed 3456K, reserved 1048576K
}
Event: 8.548 GC heap before
{Heap before GC invocations=10 (full 1):
 PSYoungGen      total 445952K, used 440960K [0x000000076ab00000, 0x0000000788f80000, 0x00000007c0000000)
  eden space 415232K, 100% used [0x000000076ab00000,0x0000000784080000,0x0000000784080000)
  from space 30720K, 83% used [0x0000000787180000,0x0000000788aa01f0,0x0000000788f80000)
  to   space 40448K, 0% used [0x0000000784080000,0x0000000784080000,0x0000000786800000)
 ParOldGen       total 182784K, used 58907K [0x00000006c0000000, 0x00000006cb280000, 0x000000076ab00000)
  object space 182784K, 32% used [0x00000006c0000000,0x00000006c3986c80,0x00000006cb280000)
 Metaspace       used 29771K, capacity 30100K, committed 30464K, reserved 1075200K
  class space    used 3922K, capacity 4041K, committed 4096K, reserved 1048576K
Event: 8.581 GC heap after
Heap after GC invocations=10 (full 1):
 PSYoungGen      total 455680K, used 39985K [0x000000076ab00000, 0x0000000792900000, 0x00000007c0000000)
  eden space 415232K, 0% used [0x000000076ab00000,0x000000076ab00000,0x0000000784080000)
  from space 40448K, 98% used [0x0000000784080000,0x000000078678c470,0x0000000786800000)
  to   space 45056K, 0% used [0x000000078fd00000,0x000000078fd00000,0x0000000792900000)
 ParOldGen       total 182784K, used 58915K [0x00000006c0000000, 0x00000006cb280000, 0x000000076ab00000)
  object space 182784K, 32% used [0x00000006c0000000,0x00000006c3988c80,0x00000006cb280000)
 Metaspace       used 29771K, capacity 30100K, committed 30464K, reserved 1075200K
  class space    used 3922K, capacity 4041K, committed 4096K, reserved 1048576K
}
Event: 9.606 GC heap before
{Heap before GC invocations=11 (full 1):
 PSYoungGen      total 455680K, used 455217K [0x000000076ab00000, 0x0000000792900000, 0x00000007c0000000)
  eden space 415232K, 100% used [0x000000076ab00000,0x0000000784080000,0x0000000784080000)
  from space 40448K, 98% used [0x0000000784080000,0x000000078678c470,0x0000000786800000)
  to   space 45056K, 0% used [0x000000078fd00000,0x000000078fd00000,0x0000000792900000)
 ParOldGen       total 182784K, used 58915K [0x00000006c0000000, 0x00000006cb280000, 0x000000076ab00000)
  object space 182784K, 32% used [0x00000006c0000000,0x00000006c3988c80,0x00000006cb280000)
 Metaspace       used 33708K, capacity 34114K, committed 34560K, reserved 1079296K
  class space    used 4595K, capacity 4738K, committed 4864K, reserved 1048576K
Event: 9.651 GC heap after
Heap after GC invocations=11 (full 1):
 PSYoungGen      total 607232K, used 33838K [0x000000076ab00000, 0x0000000793300000, 0x00000007c0000000)
  eden space 562176K, 0% used [0x000000076ab00000,0x000000076ab00000,0x000000078d000000)
  from space 45056K, 75% used [0x000000078fd00000,0x0000000791e0bba8,0x0000000792900000)
  to   space 46080K, 0% used [0x000000078d000000,0x000000078d000000,0x000000078fd00000)
 ParOldGen       total 182784K, used 81186K [0x00000006c0000000, 0x00000006cb280000, 0x000000076ab00000)
  object space 182784K, 44% used [0x00000006c0000000,0x00000006c4f48a38,0x00000006cb280000)
 Metaspace       used 33708K, capacity 34114K, committed 34560K, reserved 1079296K
  class space    used 4595K, capacity 4738K, committed 4864K, reserved 1048576K
}
Event: 9.838 GC heap before
{Heap before GC invocations=12 (full 1):
 PSYoungGen      total 607232K, used 117645K [0x000000076ab00000, 0x0000000793300000, 0x00000007c0000000)
  eden space 562176K, 14% used [0x000000076ab00000,0x000000076fcd78d8,0x000000078d000000)
  from space 45056K, 75% used [0x000000078fd00000,0x0000000791e0bba8,0x0000000792900000)
  to   space 46080K, 0% used [0x000000078d000000,0x000000078d000000,0x000000078fd00000)
 ParOldGen       total 182784K, used 81186K [0x00000006c0000000, 0x00000006cb280000, 0x000000076ab00000)
  object space 182784K, 44% used [0x00000006c0000000,0x00000006c4f48a38,0x00000006cb280000)
 Metaspace       used 34735K, capacity 35154K, committed 35456K, reserved 1079296K
  class space    used 4713K, capacity 4874K, committed 4992K, reserved 1048576K
Event: 9.871 GC heap after
Heap after GC invocations=12 (full 1):
 PSYoungGen      total 608256K, used 1510K [0x000000076ab00000, 0x00000007a2d00000, 0x00000007c0000000)
  eden space 562176K, 0% used [0x000000076ab00000,0x000000076ab00000,0x000000078d000000)
  from space 46080K, 3% used [0x000000078d000000,0x000000078d179ab8,0x000000078fd00000)
  to   space 48640K, 0% used [0x000000079fd80000,0x000000079fd80000,0x00000007a2d00000)
 ParOldGen       total 182784K, used 111547K [0x00000006c0000000, 0x00000006cb280000, 0x000000076ab00000)
  object space 182784K, 61% used [0x00000006c0000000,0x00000006c6ceecf8,0x00000006cb280000)
 Metaspace       used 34735K, capacity 35154K, committed 35456K, reserved 1079296K
  class space    used 4713K, capacity 4874K, committed 4992K, reserved 1048576K
}
Event: 9.871 GC heap before
{Heap before GC invocations=13 (full 2):
 PSYoungGen      total 608256K, used 1510K [0x000000076ab00000, 0x00000007a2d00000, 0x00000007c0000000)
  eden space 562176K, 0% used [0x000000076ab00000,0x000000076ab00000,0x000000078d000000)
  from space 46080K, 3% used [0x000000078d000000,0x000000078d179ab8,0x000000078fd00000)
  to   space 48640K, 0% used [0x000000079fd80000,0x000000079fd80000,0x00000007a2d00000)
 ParOldGen       total 182784K, used 111547K [0x00000006c0000000, 0x00000006cb280000, 0x000000076ab00000)
  object space 182784K, 61% used [0x00000006c0000000,0x00000006c6ceecf8,0x00000006cb280000)
 Metaspace       used 34735K, capacity 35154K, committed 35456K, reserved 1079296K
  class space    used 4713K, capacity 4874K, committed 4992K, reserved 1048576K
Event: 10.122 GC heap after
Heap after GC invocations=13 (full 2):
 PSYoungGen      total 608256K, used 0K [0x000000076ab00000, 0x00000007a2d00000, 0x00000007c0000000)
  eden space 562176K, 0% used [0x000000076ab00000,0x000000076ab00000,0x000000078d000000)
  from space 46080K, 0% used [0x000000078d000000,0x000000078d000000,0x000000078fd00000)
  to   space 48640K, 0% used [0x000000079fd80000,0x000000079fd80000,0x00000007a2d00000)
 ParOldGen       total 262144K, used 100701K [0x00000006c0000000, 0x00000006d0000000, 0x000000076ab00000)
  object space 262144K, 38% used [0x00000006c0000000,0x00000006c6257448,0x00000006d0000000)
 Metaspace       used 34735K, capacity 35154K, committed 35456K, reserved 1079296K
  class space    used 4713K, capacity 4874K, committed 4992K, reserved 1048576K
}

