# JRE version: Java(TM) SE Runtime Environment (8.0_74-b02) (build 1.8.0_74-b02)
# Java VM: Java HotSpot(TM) 64-Bit Server VM (25.74-b02 mixed mode bsd-amd64 compressed oops)
Heap:
 PSYoungGen      total 586240K, used 10764K [0x000000076ab00000, 0x000000079f680000, 0x00000007c0000000)
  eden space 540672K, 1% used [0x000000076ab00000,0x000000076b583308,0x000000078bb00000)
  from space 45568K, 0% used [0x000000078bb00000,0x000000078bb00000,0x000000078e780000)
  to   space 47104K, 0% used [0x000000079c880000,0x000000079c880000,0x000000079f680000)
 ParOldGen       total 271360K, used 100830K [0x00000006c0000000, 0x00000006d0900000, 0x000000076ab00000)
  object space 271360K, 37% used [0x00000006c0000000,0x00000006c6277b40,0x00000006d0900000)
 Metaspace       used 34957K, capacity 35378K, committed 35712K, reserved 1079296K
  class space    used 4743K, capacity 4906K, committed 4992K, reserved 1048576K
GC Heap History (10 events):
Event: 6.685 GC heap before
{Heap before GC invocations=9 (full 1):
 PSYoungGen      total 306176K, used 283978K [0x000000076ab00000, 0x0000000788680000, 0x00000007c0000000)
  eden space 262144K, 100% used [0x000000076ab00000,0x000000077ab00000,0x000000077ab00000)
  from space 44032K, 49% used [0x000000077ab00000,0x000000077c052978,0x000000077d600000)
  to   space 41472K, 0% used [0x0000000785e00000,0x0000000785e00000,0x0000000788680000)
 ParOldGen       total 185344K, used 59396K [0x00000006c0000000, 0x00000006cb500000, 0x000000076ab00000)
  object space 185344K, 32% used [0x00000006c0000000,0x00000006c3a01180,0x00000006cb500000)
 Metaspace       used 26760K, capacity 27152K, committed 27520K, reserved 1073152K
  class space    used 3286K, capacity 3401K, committed 3456K, reserved 1048576K
Event: 6.713 GC heap after
Heap after GC invocations=9 (full 1):
 PSYoungGen      total 443392K, used 25634K [0x000000076ab00000, 0x0000000788480000, 0x00000007c0000000)
  eden space 403968K, 0% used [0x000000076ab00000,0x000000076ab00000,0x0000000783580000)
  from space 39424K, 65% used [0x0000000785e00000,0x0000000787708b10,0x0000000788480000)
  to   space 40448K, 0% used [0x0000000783580000,0x0000000783580000,0x0000000785d00000)
 ParOldGen       total 185344K, used 59404K [0x00000006c0000000, 0x00000006cb500000, 0x000000076ab00000)
  object space 185344K, 32% used [0x00000006c0000000,0x00000006c3a03180,0x00000006cb500000)
 Metaspace       used 26760K, capacity 27152K, committed 27520K, reserved 1073152K
  class space    used 3286K, capacity 3401K, committed 3456K, reserved 1048576K
}
Event: 8.474 GC heap before
{Heap before GC invocations=10 (full 1):
 PSYoungGen      total 443392K, used 429602K [0x000000076ab00000, 0x0000000788480000, 0x00000007c0000000)
  eden space 403968K, 100% used [0x000000076ab00000,0x0000000783580000,0x0000000783580000)
  from space 39424K, 65% used [0x0000000785e00000,0x0000000787708b10,0x0000000788480000)
  to   space 40448K, 0% used [0x0000000783580000,0x0000000783580000,0x0000000785d00000)
 ParOldGen       total 185344K, used 59404K [0x00000006c0000000, 0x00000006cb500000, 0x000000076ab00000)
  object space 185344K, 32% used [0x00000006c0000000,0x00000006c3a03180,0x00000006cb500000)
 Metaspace       used 29657K, capacity 29940K, committed 30208K, reserved 1075200K
  class space    used 3892K, capacity 4009K, committed 4096K, reserved 1048576K
Event: 8.553 GC heap after
Heap after GC invocations=10 (full 1):
 PSYoungGen      total 444416K, used 39708K [0x000000076ab00000, 0x0000000791380000, 0x00000007c0000000)
  eden space 403968K, 0% used [0x000000076ab00000,0x000000076ab00000,0x0000000783580000)
  from space 40448K, 98% used [0x0000000783580000,0x0000000785c47338,0x0000000785d00000)
  to   space 45056K, 0% used [0x000000078e780000,0x000000078e780000,0x0000000791380000)
 ParOldGen       total 185344K, used 59412K [0x00000006c0000000, 0x00000006cb500000, 0x000000076ab00000)
  object space 185344K, 32% used [0x00000006c0000000,0x00000006c3a05180,0x00000006cb500000)
 Metaspace       used 29657K, capacity 29940K, committed 30208K, reserved 1075200K
  class space    used 3892K, capacity 4009K, committed 4096K, reserved 1048576K
}
Event: 9.656 GC heap before
{Heap before GC invocations=11 (full 1):
 PSYoungGen      total 444416K, used 443676K [0x000000076ab00000, 0x0000000791380000, 0x00000007c0000000)
  eden space 403968K, 100% used [0x000000076ab00000,0x0000000783580000,0x0000000783580000)
  from space 40448K, 98% used [0x0000000783580000,0x0000000785c47338,0x0000000785d00000)
  to   space 45056K, 0% used [0x000000078e780000,0x000000078e780000,0x0000000791380000)
 ParOldGen       total 185344K, used 59412K [0x00000006c0000000, 0x00000006cb500000, 0x000000076ab00000)
  object space 185344K, 32% used [0x00000006c0000000,0x00000006c3a05180,0x00000006cb500000)
 Metaspace       used 33423K, capacity 33830K, committed 34176K, reserved 1079296K
  class space    used 4564K, capacity 4728K, committed 4736K, reserved 1048576K
Event: 9.694 GC heap after
Heap after GC invocations=11 (full 1):
 PSYoungGen      total 585728K, used 31565K [0x000000076ab00000, 0x0000000791480000, 0x00000007c0000000)
  eden space 540672K, 0% used [0x000000076ab00000,0x000000076ab00000,0x000000078bb00000)
  from space 45056K, 70% used [0x000000078e780000,0x0000000790653498,0x0000000791380000)
  to   space 45568K, 0% used [0x000000078bb00000,0x000000078bb00000,0x000000078e780000)
 ParOldGen       total 185344K, used 81592K [0x00000006c0000000, 0x00000006cb500000, 0x000000076ab00000)
  object space 185344K, 44% used [0x00000006c0000000,0x00000006c4fae060,0x00000006cb500000)
 Metaspace       used 33423K, capacity 33830K, committed 34176K, reserved 1079296K
  class space    used 4564K, capacity 4728K, committed 4736K, reserved 1048576K
}
Event: 9.962 GC heap before
{Heap before GC invocations=12 (full 1):
 PSYoungGen      total 585728K, used 140553K [0x000000076ab00000, 0x0000000791480000, 0x00000007c0000000)
  eden space 540672K, 20% used [0x000000076ab00000,0x000000077156ef88,0x000000078bb00000)
  from space 45056K, 70% used [0x000000078e780000,0x0000000790653498,0x0000000791380000)
  to   space 45568K, 0% used [0x000000078bb00000,0x000000078bb00000,0x000000078e780000)
 ParOldGen       total 185344K, used 81592K [0x00000006c0000000, 0x00000006cb500000, 0x000000076ab00000)
  object space 185344K, 44% used [0x00000006c0000000,0x00000006c4fae060,0x00000006cb500000)
 Metaspace       used 34821K, capacity 35218K, committed 35456K, reserved 1079296K
  class space    used 4729K, capacity 4874K, committed 4992K, reserved 1048576K
Event: 10.008 GC heap after
Heap after GC invocations=12 (full 1):
 PSYoungGen      total 586240K, used 3654K [0x000000076ab00000, 0x000000079f680000, 0x00000007c0000000)
  eden space 540672K, 0% used [0x000000076ab00000,0x000000076ab00000,0x000000078bb00000)
  from space 45568K, 8% used [0x000000078bb00000,0x000000078be91ae8,0x000000078e780000)
  to   space 47104K, 0% used [0x000000079c880000,0x000000079c880000,0x000000079f680000)
 ParOldGen       total 185344K, used 109902K [0x00000006c0000000, 0x00000006cb500000, 0x000000076ab00000)
  object space 185344K, 59% used [0x00000006c0000000,0x00000006c6b53910,0x00000006cb500000)
 Metaspace       used 34821K, capacity 35218K, committed 35456K, reserved 1079296K
  class space    used 4729K, capacity 4874K, committed 4992K, reserved 1048576K
}
Event: 10.008 GC heap before
{Heap before GC invocations=13 (full 2):
 PSYoungGen      total 586240K, used 3654K [0x000000076ab00000, 0x000000079f680000, 0x00000007c0000000)
  eden space 540672K, 0% used [0x000000076ab00000,0x000000076ab00000,0x000000078bb00000)
  from space 45568K, 8% used [0x000000078bb00000,0x000000078be91ae8,0x000000078e780000)
  to   space 47104K, 0% used [0x000000079c880000,0x000000079c880000,0x000000079f680000)
 ParOldGen       total 185344K, used 109902K [0x00000006c0000000, 0x00000006cb500000, 0x000000076ab00000)
  object space 185344K, 59% used [0x00000006c0000000,0x00000006c6b53910,0x00000006cb500000)
 Metaspace       used 34821K, capacity 35218K, committed 35456K, reserved 1079296K
  class space    used 4729K, capacity 4874K, committed 4992K, reserved 1048576K
Event: 10.396 GC heap after
Heap after GC invocations=13 (full 2):
 PSYoungGen      total 586240K, used 0K [0x000000076ab00000, 0x000000079f680000, 0x00000007c0000000)
  eden space 540672K, 0% used [0x000000076ab00000,0x000000076ab00000,0x000000078bb00000)
  from space 45568K, 0% used [0x000000078bb00000,0x000000078bb00000,0x000000078e780000)
  to   space 47104K, 0% used [0x000000079c880000,0x000000079c880000,0x000000079f680000)
 ParOldGen       total 271360K, used 100830K [0x00000006c0000000, 0x00000006d0900000, 0x000000076ab00000)
  object space 271360K, 37% used [0x00000006c0000000,0x00000006c6277b40,0x00000006d0900000)
 Metaspace       used 34821K, capacity 35218K, committed 35456K, reserved 1079296K
  class space    used 4729K, capacity 4874K, committed 4992K, reserved 1048576K
}

