# JRE version: Java(TM) SE Runtime Environment (8.0_74-b02) (build 1.8.0_74-b02)
# Java VM: Java HotSpot(TM) 64-Bit Server VM (25.74-b02 mixed mode bsd-amd64 compressed oops)
Heap:
 PSYoungGen      total 594944K, used 87531K [0x000000076ab00000, 0x00000007a1380000, 0x00000007c0000000)
  eden space 548864K, 15% used [0x000000076ab00000,0x000000077007ac00,0x000000078c300000)
  from space 46080K, 0% used [0x000000078c300000,0x000000078c300000,0x000000078f000000)
  to   space 48128K, 0% used [0x000000079e480000,0x000000079e480000,0x00000007a1380000)
 ParOldGen       total 260608K, used 100890K [0x00000006c0000000, 0x00000006cfe80000, 0x000000076ab00000)
  object space 260608K, 38% used [0x00000006c0000000,0x00000006c6286918,0x00000006cfe80000)
 Metaspace       used 36915K, capacity 37373K, committed 37632K, reserved 1081344K
  class space    used 4888K, capacity 5044K, committed 5120K, reserved 1048576K
GC Heap History (10 events):
Event: 13.842 GC heap before
{Heap before GC invocations=9 (full 1):
 PSYoungGen      total 306176K, used 283727K [0x000000076ab00000, 0x0000000789780000, 0x00000007c0000000)
  eden space 262144K, 100% used [0x000000076ab00000,0x000000077ab00000,0x000000077ab00000)
  from space 44032K, 49% used [0x000000077ab00000,0x000000077c013dc0,0x000000077d600000)
  to   space 41984K, 0% used [0x0000000786e80000,0x0000000786e80000,0x0000000789780000)
 ParOldGen       total 175104K, used 50101K [0x00000006c0000000, 0x00000006cab00000, 0x000000076ab00000)
  object space 175104K, 28% used [0x00000006c0000000,0x00000006c30ed608,0x00000006cab00000)
 Metaspace       used 26740K, capacity 27088K, committed 27264K, reserved 1073152K
  class space    used 3284K, capacity 3401K, committed 3456K, reserved 1048576K
Event: 13.867 GC heap after
Heap after GC invocations=9 (full 1):
 PSYoungGen      total 440832K, used 25652K [0x000000076ab00000, 0x0000000788b80000, 0x00000007c0000000)
  eden space 411136K, 0% used [0x000000076ab00000,0x000000076ab00000,0x0000000783c80000)
  from space 29696K, 86% used [0x0000000786e80000,0x000000078878d008,0x0000000788b80000)
  to   space 40448K, 0% used [0x0000000783c80000,0x0000000783c80000,0x0000000786400000)
 ParOldGen       total 175104K, used 50109K [0x00000006c0000000, 0x00000006cab00000, 0x000000076ab00000)
  object space 175104K, 28% used [0x00000006c0000000,0x00000006c30ef608,0x00000006cab00000)
 Metaspace       used 26740K, capacity 27088K, committed 27264K, reserved 1073152K
  class space    used 3284K, capacity 3401K, committed 3456K, reserved 1048576K
}
Event: 15.968 GC heap before
{Heap before GC invocations=10 (full 1):
 PSYoungGen      total 440832K, used 436788K [0x000000076ab00000, 0x0000000788b80000, 0x00000007c0000000)
  eden space 411136K, 100% used [0x000000076ab00000,0x0000000783c80000,0x0000000783c80000)
  from space 29696K, 86% used [0x0000000786e80000,0x000000078878d008,0x0000000788b80000)
  to   space 40448K, 0% used [0x0000000783c80000,0x0000000783c80000,0x0000000786400000)
 ParOldGen       total 175104K, used 50109K [0x00000006c0000000, 0x00000006cab00000, 0x000000076ab00000)
  object space 175104K, 28% used [0x00000006c0000000,0x00000006c30ef608,0x00000006cab00000)
 Metaspace       used 29664K, capacity 30004K, committed 30208K, reserved 1075200K
  class space    used 3894K, capacity 4009K, committed 4096K, reserved 1048576K
Event: 16.006 GC heap after
Heap after GC invocations=10 (full 1):
 PSYoungGen      total 451584K, used 39760K [0x000000076ab00000, 0x0000000791c00000, 0x00000007c0000000)
  eden space 411136K, 0% used [0x000000076ab00000,0x000000076ab00000,0x0000000783c80000)
  from space 40448K, 98% used [0x0000000783c80000,0x00000007863541f0,0x0000000786400000)
  to   space 45056K, 0% used [0x000000078f000000,0x000000078f000000,0x0000000791c00000)
 ParOldGen       total 175104K, used 50117K [0x00000006c0000000, 0x00000006cab00000, 0x000000076ab00000)
  object space 175104K, 28% used [0x00000006c0000000,0x00000006c30f1608,0x00000006cab00000)
 Metaspace       used 29664K, capacity 30004K, committed 30208K, reserved 1075200K
  class space    used 3894K, capacity 4009K, committed 4096K, reserved 1048576K
}
Event: 17.278 GC heap before
{Heap before GC invocations=11 (full 1):
 PSYoungGen      total 451584K, used 450896K [0x000000076ab00000, 0x0000000791c00000, 0x00000007c0000000)
  eden space 411136K, 100% used [0x000000076ab00000,0x0000000783c80000,0x0000000783c80000)
  from space 40448K, 98% used [0x0000000783c80000,0x00000007863541f0,0x0000000786400000)
  to   space 45056K, 0% used [0x000000078f000000,0x000000078f000000,0x0000000791c00000)
 ParOldGen       total 175104K, used 50117K [0x00000006c0000000, 0x00000006cab00000, 0x000000076ab00000)
  object space 175104K, 28% used [0x00000006c0000000,0x00000006c30f1608,0x00000006cab00000)
 Metaspace       used 33528K, capacity 33978K, committed 34176K, reserved 1079296K
  class space    used 4571K, capacity 4734K, committed 4736K, reserved 1048576K
Event: 17.346 GC heap after
Heap after GC invocations=11 (full 1):
 PSYoungGen      total 593920K, used 33197K [0x000000076ab00000, 0x0000000793180000, 0x00000007c0000000)
  eden space 548864K, 0% used [0x000000076ab00000,0x000000076ab00000,0x000000078c300000)
  from space 45056K, 73% used [0x000000078f000000,0x000000079106b580,0x0000000791c00000)
  to   space 46080K, 0% used [0x000000078c300000,0x000000078c300000,0x000000078f000000)
 ParOldGen       total 175104K, used 72270K [0x00000006c0000000, 0x00000006cab00000, 0x000000076ab00000)
  object space 175104K, 41% used [0x00000006c0000000,0x00000006c46939f8,0x00000006cab00000)
 Metaspace       used 33528K, capacity 33978K, committed 34176K, reserved 1079296K
  class space    used 4571K, capacity 4734K, committed 4736K, reserved 1048576K
}
Event: 17.665 GC heap before
{Heap before GC invocations=12 (full 1):
 PSYoungGen      total 593920K, used 124216K [0x000000076ab00000, 0x0000000793180000, 0x00000007c0000000)
  eden space 548864K, 16% used [0x000000076ab00000,0x00000007703e2c20,0x000000078c300000)
  from space 45056K, 73% used [0x000000078f000000,0x000000079106b580,0x0000000791c00000)
  to   space 46080K, 0% used [0x000000078c300000,0x000000078c300000,0x000000078f000000)
 ParOldGen       total 175104K, used 72270K [0x00000006c0000000, 0x00000006cab00000, 0x000000076ab00000)
  object space 175104K, 41% used [0x00000006c0000000,0x00000006c46939f8,0x00000006cab00000)
 Metaspace       used 34828K, capacity 35250K, committed 35456K, reserved 1079296K
  class space    used 4724K, capacity 4906K, committed 4992K, reserved 1048576K
Event: 17.701 GC heap after
Heap after GC invocations=12 (full 1):
 PSYoungGen      total 594944K, used 2010K [0x000000076ab00000, 0x00000007a1380000, 0x00000007c0000000)
  eden space 548864K, 0% used [0x000000076ab00000,0x000000076ab00000,0x000000078c300000)
  from space 46080K, 4% used [0x000000078c300000,0x000000078c4f6818,0x000000078f000000)
  to   space 48128K, 0% used [0x000000079e480000,0x000000079e480000,0x00000007a1380000)
 ParOldGen       total 175104K, used 102209K [0x00000006c0000000, 0x00000006cab00000, 0x000000076ab00000)
  object space 175104K, 58% used [0x00000006c0000000,0x00000006c63d06f8,0x00000006cab00000)
 Metaspace       used 34828K, capacity 35250K, committed 35456K, reserved 1079296K
  class space    used 4724K, capacity 4906K, committed 4992K, reserved 1048576K
}
Event: 17.702 GC heap before
{Heap before GC invocations=13 (full 2):
 PSYoungGen      total 594944K, used 2010K [0x000000076ab00000, 0x00000007a1380000, 0x00000007c0000000)
  eden space 548864K, 0% used [0x000000076ab00000,0x000000076ab00000,0x000000078c300000)
  from space 46080K, 4% used [0x000000078c300000,0x000000078c4f6818,0x000000078f000000)
  to   space 48128K, 0% used [0x000000079e480000,0x000000079e480000,0x00000007a1380000)
 ParOldGen       total 175104K, used 102209K [0x00000006c0000000, 0x00000006cab00000, 0x000000076ab00000)
  object space 175104K, 58% used [0x00000006c0000000,0x00000006c63d06f8,0x00000006cab00000)
 Metaspace       used 34828K, capacity 35250K, committed 35456K, reserved 1079296K
  class space    used 4724K, capacity 4906K, committed 4992K, reserved 1048576K
Event: 17.986 GC heap after
Heap after GC invocations=13 (full 2):
 PSYoungGen      total 594944K, used 0K [0x000000076ab00000, 0x00000007a1380000, 0x00000007c0000000)
  eden space 548864K, 0% used [0x000000076ab00000,0x000000076ab00000,0x000000078c300000)
  from space 46080K, 0% used [0x000000078c300000,0x000000078c300000,0x000000078f000000)
  to   space 48128K, 0% used [0x000000079e480000,0x000000079e480000,0x00000007a1380000)
 ParOldGen       total 260608K, used 100890K [0x00000006c0000000, 0x00000006cfe80000, 0x000000076ab00000)
  object space 260608K, 38% used [0x00000006c0000000,0x00000006c6286918,0x00000006cfe80000)
 Metaspace       used 34828K, capacity 35250K, committed 35456K, reserved 1079296K
  class space    used 4724K, capacity 4906K, committed 4992K, reserved 1048576K
}

