# JRE version: Java(TM) SE Runtime Environment (8.0_74-b02) (build 1.8.0_74-b02)
# Java VM: Java HotSpot(TM) 64-Bit Server VM (25.74-b02 mixed mode bsd-amd64 compressed oops)
Heap:
 PSYoungGen      total 533504K, used 515555K [0x000000076ab00000, 0x0000000792880000, 0x00000007c0000000)
  eden space 495616K, 99% used [0x000000076ab00000,0x0000000788ad1140,0x0000000788f00000)
  from space 37888K, 63% used [0x0000000788f00000,0x000000078a6a7dc8,0x000000078b400000)
  to   space 37376K, 0% used [0x0000000790400000,0x0000000790400000,0x0000000792880000)
 ParOldGen       total 183296K, used 68438K [0x00000006c0000000, 0x00000006cb300000, 0x000000076ab00000)
  object space 183296K, 37% used [0x00000006c0000000,0x00000006c42d5a80,0x00000006cb300000)
 Metaspace       used 32869K, capacity 33286K, committed 33664K, reserved 1079296K
  class space    used 4465K, capacity 4616K, committed 4736K, reserved 1048576K
GC Heap History (10 events):
Event: 4.635 GC heap before
{Heap before GC invocations=6 (full 0):
 PSYoungGen      total 141824K, used 141811K [0x000000076ab00000, 0x000000077f700000, 0x00000007c0000000)
  eden space 131072K, 100% used [0x000000076ab00000,0x0000000772b00000,0x0000000772b00000)
  from space 10752K, 99% used [0x0000000772b00000,0x000000077357cf18,0x0000000773580000)
  to   space 38912K, 0% used [0x000000077d100000,0x000000077d100000,0x000000077f700000)
 ParOldGen       total 175104K, used 65330K [0x00000006c0000000, 0x00000006cab00000, 0x000000076ab00000)
  object space 175104K, 37% used [0x00000006c0000000,0x00000006c3fcc9a8,0x00000006cab00000)
 Metaspace       used 20095K, capacity 20434K, committed 20736K, reserved 1067008K
  class space    used 2438K, capacity 2556K, committed 2560K, reserved 1048576K
Event: 4.662 GC heap after
Heap after GC invocations=6 (full 0):
 PSYoungGen      total 299008K, used 18155K [0x000000076ab00000, 0x000000077f500000, 0x00000007c0000000)
  eden space 262144K, 0% used [0x000000076ab00000,0x000000076ab00000,0x000000077ab00000)
  from space 36864K, 49% used [0x000000077d100000,0x000000077e2bad80,0x000000077f500000)
  to   space 37888K, 0% used [0x000000077ab00000,0x000000077ab00000,0x000000077d000000)
 ParOldGen       total 175104K, used 65338K [0x00000006c0000000, 0x00000006cab00000, 0x000000076ab00000)
  object space 175104K, 37% used [0x00000006c0000000,0x00000006c3fce9a8,0x00000006cab00000)
 Metaspace       used 20095K, capacity 20434K, committed 20736K, reserved 1067008K
  class space    used 2438K, capacity 2556K, committed 2560K, reserved 1048576K
}
Event: 4.825 GC heap before
{Heap before GC invocations=7 (full 0):
 PSYoungGen      total 299008K, used 80642K [0x000000076ab00000, 0x000000077f500000, 0x00000007c0000000)
  eden space 262144K, 23% used [0x000000076ab00000,0x000000076e805c58,0x000000077ab00000)
  from space 36864K, 49% used [0x000000077d100000,0x000000077e2bad80,0x000000077f500000)
  to   space 37888K, 0% used [0x000000077ab00000,0x000000077ab00000,0x000000077d000000)
 ParOldGen       total 175104K, used 65338K [0x00000006c0000000, 0x00000006cab00000, 0x000000076ab00000)
  object space 175104K, 37% used [0x00000006c0000000,0x00000006c3fce9a8,0x00000006cab00000)
 Metaspace       used 20774K, capacity 21082K, committed 21296K, reserved 1069056K
  class space    used 2500K, capacity 2620K, committed 2688K, reserved 1048576K
Event: 4.845 GC heap after
Heap after GC invocations=7 (full 0):
 PSYoungGen      total 300032K, used 25466K [0x000000076ab00000, 0x000000078f300000, 0x00000007c0000000)
  eden space 262144K, 0% used [0x000000076ab00000,0x000000076ab00000,0x000000077ab00000)
  from space 37888K, 67% used [0x000000077ab00000,0x000000077c3deba8,0x000000077d000000)
  to   space 36864K, 0% used [0x000000078cf00000,0x000000078cf00000,0x000000078f300000)
 ParOldGen       total 175104K, used 67673K [0x00000006c0000000, 0x00000006cab00000, 0x000000076ab00000)
  object space 175104K, 38% used [0x00000006c0000000,0x00000006c4216650,0x00000006cab00000)
 Metaspace       used 20774K, capacity 21082K, committed 21296K, reserved 1069056K
  class space    used 2500K, capacity 2620K, committed 2688K, reserved 1048576K
}
Event: 4.845 GC heap before
{Heap before GC invocations=8 (full 1):
 PSYoungGen      total 300032K, used 25466K [0x000000076ab00000, 0x000000078f300000, 0x00000007c0000000)
  eden space 262144K, 0% used [0x000000076ab00000,0x000000076ab00000,0x000000077ab00000)
  from space 37888K, 67% used [0x000000077ab00000,0x000000077c3deba8,0x000000077d000000)
  to   space 36864K, 0% used [0x000000078cf00000,0x000000078cf00000,0x000000078f300000)
 ParOldGen       total 175104K, used 67673K [0x00000006c0000000, 0x00000006cab00000, 0x000000076ab00000)
  object space 175104K, 38% used [0x00000006c0000000,0x00000006c4216650,0x00000006cab00000)
 Metaspace       used 20774K, capacity 21082K, committed 21296K, reserved 1069056K
  class space    used 2500K, capacity 2620K, committed 2688K, reserved 1048576K
Event: 4.961 GC heap after
Heap after GC invocations=8 (full 1):
 PSYoungGen      total 300032K, used 0K [0x000000076ab00000, 0x000000078f300000, 0x00000007c0000000)
  eden space 262144K, 0% used [0x000000076ab00000,0x000000076ab00000,0x000000077ab00000)
  from space 37888K, 0% used [0x000000077ab00000,0x000000077ab00000,0x000000077d000000)
  to   space 36864K, 0% used [0x000000078cf00000,0x000000078cf00000,0x000000078f300000)
 ParOldGen       total 183296K, used 68422K [0x00000006c0000000, 0x00000006cb300000, 0x000000076ab00000)
  object space 183296K, 37% used [0x00000006c0000000,0x00000006c42d1a80,0x00000006cb300000)
 Metaspace       used 20774K, capacity 21082K, committed 21296K, reserved 1069056K
  class space    used 2500K, capacity 2620K, committed 2688K, reserved 1048576K
}
Event: 6.392 GC heap before
{Heap before GC invocations=9 (full 1):
 PSYoungGen      total 300032K, used 262144K [0x000000076ab00000, 0x000000078f300000, 0x00000007c0000000)
  eden space 262144K, 100% used [0x000000076ab00000,0x000000077ab00000,0x000000077ab00000)
  from space 37888K, 0% used [0x000000077ab00000,0x000000077ab00000,0x000000077d000000)
  to   space 36864K, 0% used [0x000000078cf00000,0x000000078cf00000,0x000000078f300000)
 ParOldGen       total 183296K, used 68422K [0x00000006c0000000, 0x00000006cb300000, 0x000000076ab00000)
  object space 183296K, 37% used [0x00000006c0000000,0x00000006c42d1a80,0x00000006cb300000)
 Metaspace       used 23790K, capacity 24158K, committed 24576K, reserved 1071104K
  class space    used 2872K, capacity 2982K, committed 3072K, reserved 1048576K
Event: 6.401 GC heap after
Heap after GC invocations=9 (full 1):
 PSYoungGen      total 437760K, used 10069K [0x000000076ab00000, 0x000000078d900000, 0x00000007c0000000)
  eden space 427520K, 0% used [0x000000076ab00000,0x000000076ab00000,0x0000000784c80000)
  from space 10240K, 98% used [0x000000078cf00000,0x000000078d8d5468,0x000000078d900000)
  to   space 37888K, 0% used [0x0000000788f00000,0x0000000788f00000,0x000000078b400000)
 ParOldGen       total 183296K, used 68430K [0x00000006c0000000, 0x00000006cb300000, 0x000000076ab00000)
  object space 183296K, 37% used [0x00000006c0000000,0x00000006c42d3a80,0x00000006cb300000)
 Metaspace       used 23790K, capacity 24158K, committed 24576K, reserved 1071104K
  class space    used 2872K, capacity 2982K, committed 3072K, reserved 1048576K
}
Event: 9.326 GC heap before
{Heap before GC invocations=10 (full 1):
 PSYoungGen      total 437760K, used 437589K [0x000000076ab00000, 0x000000078d900000, 0x00000007c0000000)
  eden space 427520K, 100% used [0x000000076ab00000,0x0000000784c80000,0x0000000784c80000)
  from space 10240K, 98% used [0x000000078cf00000,0x000000078d8d5468,0x000000078d900000)
  to   space 37888K, 0% used [0x0000000788f00000,0x0000000788f00000,0x000000078b400000)
 ParOldGen       total 183296K, used 68430K [0x00000006c0000000, 0x00000006cb300000, 0x000000076ab00000)
  object space 183296K, 37% used [0x00000006c0000000,0x00000006c42d3a80,0x00000006cb300000)
 Metaspace       used 27494K, capacity 27816K, committed 28032K, reserved 1073152K
  class space    used 3608K, capacity 3687K, committed 3712K, reserved 1048576K
Event: 9.365 GC heap after
Heap after GC invocations=10 (full 1):
 PSYoungGen      total 533504K, used 24223K [0x000000076ab00000, 0x0000000792880000, 0x00000007c0000000)
  eden space 495616K, 0% used [0x000000076ab00000,0x000000076ab00000,0x0000000788f00000)
  from space 37888K, 63% used [0x0000000788f00000,0x000000078a6a7dc8,0x000000078b400000)
  to   space 37376K, 0% used [0x0000000790400000,0x0000000790400000,0x0000000792880000)
 ParOldGen       total 183296K, used 68438K [0x00000006c0000000, 0x00000006cb300000, 0x000000076ab00000)
  object space 183296K, 37% used [0x00000006c0000000,0x00000006c42d5a80,0x00000006cb300000)
 Metaspace       used 27494K, capacity 27816K, committed 28032K, reserved 1073152K
  class space    used 3608K, capacity 3687K, committed 3712K, reserved 1048576K
}

